in vivo
Loading required package: data.table
Loading required package: ggplot2
Loading required package: pheatmap
Loading required package: hdf5r
Loading required package: dplyr

Attaching package: ‘dplyr’

The following objects are masked from ‘package:data.table’:

    between, first, last

The following objects are masked from ‘package:stats’:

    filter, lag

The following objects are masked from ‘package:base’:

    intersect, setdiff, setequal, union

Loading required package: tidyr
Loading required package: Seurat
Attaching SeuratObject
Loading required package: monocle3
Loading required package: Biobase
Loading required package: BiocGenerics
Loading required package: parallel

Attaching package: ‘BiocGenerics’

The following objects are masked from ‘package:parallel’:

    clusterApply, clusterApplyLB, clusterCall, clusterEvalQ,
    clusterExport, clusterMap, parApply, parCapply, parLapply,
    parLapplyLB, parRapply, parSapply, parSapplyLB

The following objects are masked from ‘package:dplyr’:

    combine, intersect, setdiff, union

The following objects are masked from ‘package:stats’:

    IQR, mad, sd, var, xtabs

The following objects are masked from ‘package:base’:

    anyDuplicated, append, as.data.frame, basename, cbind, colnames,
    dirname, do.call, duplicated, eval, evalq, Filter, Find, get, grep,
    grepl, intersect, is.unsorted, lapply, Map, mapply, match, mget,
    order, paste, pmax, pmax.int, pmin, pmin.int, Position, rank,
    rbind, Reduce, rownames, sapply, setdiff, sort, table, tapply,
    union, unique, unsplit, which.max, which.min

Welcome to Bioconductor

    Vignettes contain introductory material; view with
    'browseVignettes()'. To cite Bioconductor, see
    'citation("Biobase")', and for packages 'citation("pkgname")'.

Loading required package: SingleCellExperiment
Loading required package: SummarizedExperiment
Loading required package: MatrixGenerics
Loading required package: matrixStats

Attaching package: ‘matrixStats’

The following objects are masked from ‘package:Biobase’:

    anyMissing, rowMedians

The following object is masked from ‘package:dplyr’:

    count


Attaching package: ‘MatrixGenerics’

The following objects are masked from ‘package:matrixStats’:

    colAlls, colAnyNAs, colAnys, colAvgsPerRowSet, colCollapse,
    colCounts, colCummaxs, colCummins, colCumprods, colCumsums,
    colDiffs, colIQRDiffs, colIQRs, colLogSumExps, colMadDiffs,
    colMads, colMaxs, colMeans2, colMedians, colMins, colOrderStats,
    colProds, colQuantiles, colRanges, colRanks, colSdDiffs, colSds,
    colSums2, colTabulates, colVarDiffs, colVars, colWeightedMads,
    colWeightedMeans, colWeightedMedians, colWeightedSds,
    colWeightedVars, rowAlls, rowAnyNAs, rowAnys, rowAvgsPerColSet,
    rowCollapse, rowCounts, rowCummaxs, rowCummins, rowCumprods,
    rowCumsums, rowDiffs, rowIQRDiffs, rowIQRs, rowLogSumExps,
    rowMadDiffs, rowMads, rowMaxs, rowMeans2, rowMedians, rowMins,
    rowOrderStats, rowProds, rowQuantiles, rowRanges, rowRanks,
    rowSdDiffs, rowSds, rowSums2, rowTabulates, rowVarDiffs, rowVars,
    rowWeightedMads, rowWeightedMeans, rowWeightedMedians,
    rowWeightedSds, rowWeightedVars

The following object is masked from ‘package:Biobase’:

    rowMedians

Loading required package: GenomicRanges
Loading required package: stats4
Loading required package: S4Vectors

Attaching package: ‘S4Vectors’

The following object is masked from ‘package:tidyr’:

    expand

The following objects are masked from ‘package:dplyr’:

    first, rename

The following object is masked from ‘package:hdf5r’:

    values

The following objects are masked from ‘package:data.table’:

    first, second

The following object is masked from ‘package:base’:

    expand.grid

Loading required package: IRanges

Attaching package: ‘IRanges’

The following objects are masked from ‘package:dplyr’:

    collapse, desc, slice

The following object is masked from ‘package:data.table’:

    shift

Loading required package: GenomeInfoDb

Attaching package: ‘SummarizedExperiment’

The following object is masked from ‘package:SeuratObject’:

    Assays

The following object is masked from ‘package:Seurat’:

    Assays


Attaching package: ‘monocle3’

The following objects are masked from ‘package:Biobase’:

    exprs, fData, fData<-, pData, pData<-

Loading required package: mixtools
mixtools package, version 1.2.0, Released 2020-02-05
This package is based upon work supported by the National Science Foundation under Grant No. SES-0518772.

[1] "Setting GFS"
Loading required package: Matrix

Attaching package: ‘Matrix’

The following object is masked from ‘package:S4Vectors’:

    expand

The following objects are masked from ‘package:tidyr’:

    expand, pack, unpack

Loading required package: rhdf5

Attaching package: ‘rhdf5’

The following object is masked from ‘package:hdf5r’:

    h5version

Loading required package: enrichR
Warning messages:
1: package ‘hdf5r’ was built under R version 4.0.3 
2: package ‘mixtools’ was built under R version 4.0.3 
3: In library(package, lib.loc = lib.loc, character.only = TRUE, logical.return = TRUE,  :
  there is no package called ‘enrichR’
Loading required package: umap
Loading required package: igraph

Attaching package: ‘igraph’

The following object is masked from ‘package:monocle3’:

    clusters

The following object is masked from ‘package:GenomicRanges’:

    union

The following object is masked from ‘package:IRanges’:

    union

The following object is masked from ‘package:S4Vectors’:

    union

The following objects are masked from ‘package:BiocGenerics’:

    normalize, path, union

The following object is masked from ‘package:tidyr’:

    crossing

The following objects are masked from ‘package:dplyr’:

    as_data_frame, groups, union

The following objects are masked from ‘package:stats’:

    decompose, spectrum

The following object is masked from ‘package:base’:

    union

Loading required package: nebula
Loading required package: fgsea
Loading required package: doMC
Loading required package: foreach
Loading required package: iterators
Setting output directory: /media/AGFORTELNY/PROJECTS/TfCf/Analysis//FULLINT_10_01_BasicAnalysis_in.vivo//
[1] "Loading processed partial dataset"
[1] "cytoResDT"
[1] "chip.targets"    "chip.targets.fc"
[1] "percent.mt"
[1] "nFeature_RNA"
[1] "nCount_RNA"
Warning message:
The `add` argument of `group_by()` is deprecated as of dplyr 1.0.0.
Please use the `.add` argument instead.
This warning is displayed once every 8 hours.
Call `lifecycle::last_warnings()` to see where this warning was generated. 
Scale for 'size' is already present. Adding another scale for 'size', which
will replace the existing scale.
Warning messages:
1: In if (ordering_type == "cluster_row_col") { :
  the condition has length > 1 and only the first element will be used
2: In if (axis_order == "marker_group") { :
  the condition has length > 1 and only the first element will be used
[1] "blueprint_label.fine"
[1] "blueprint_label.main"
[1] "dmap_label.fine"
[1] "dmap_label.main"
[1] "marrow10x_label.main"
[1] "marrowPlate_label.main"
[1] "monaco_label.fine"
[1] "monaco_label.main"
[1] "mouseRNA_label.fine"
[1] "mouseRNA_label.main"
There were 50 or more warnings (use warnings() to see the first 50)
There were 50 or more warnings (use warnings() to see the first 50)
Warning message:
Removed 12 rows containing missing values (geom_point). 
Warning message:
Removed 12 rows containing missing values (geom_point). 
 [1] "Brd9"    "Carm1"   "Cbx3"    "Chd4"    "Ehmt1"   "Ehmt2"   "Gltscr1"
 [8] "Hdac1"   "Hdac3"   "Kmt2a"   "Kmt2d"   "Mbd2"    "Mbd3"    "Men1"   
[15] "NTC"     "Phf10"   "Prmt1"   "Prmt5"   "Rbbp4"   "Rcor1"   "Setdb1" 
[22] "Setdb2"  "Smarcd1" "Smarcd2" "Smc2"    "Smc3"    "Wdr82"  
'data.frame':	36635 obs. of  3 variables:
 $ GuideDE  : Factor w/ 27 levels "NTC","Kmt2d",..: 2 1 1 1 1 1 2 2 2 1 ...
 $ ClusterDE: chr  "9" "4" "9" "6" ...
 $ tissueDE : Factor w/ 3 levels "in vitro","leukemia",..: 3 3 3 3 3 3 3 3 3 3 ...
Remove  3231  genes having low expression.
Analyzing  11536  genes with  12  subjects and  36635  cells.
