Loading required package: data.table
Loading required package: ggplot2
Loading required package: pheatmap
Loading required package: hdf5r
Loading required package: dplyr

Attaching package: ‘dplyr’

The following objects are masked from ‘package:data.table’:

    between, first, last

The following objects are masked from ‘package:stats’:

    filter, lag

The following objects are masked from ‘package:base’:

    intersect, setdiff, setequal, union

Loading required package: tidyr
Loading required package: Seurat
Attaching SeuratObject
Loading required package: monocle3
Loading required package: Biobase
Loading required package: BiocGenerics
Loading required package: parallel

Attaching package: ‘BiocGenerics’

The following objects are masked from ‘package:parallel’:

    clusterApply, clusterApplyLB, clusterCall, clusterEvalQ,
    clusterExport, clusterMap, parApply, parCapply, parLapply,
    parLapplyLB, parRapply, parSapply, parSapplyLB

The following objects are masked from ‘package:dplyr’:

    combine, intersect, setdiff, union

The following objects are masked from ‘package:stats’:

    IQR, mad, sd, var, xtabs

The following objects are masked from ‘package:base’:

    anyDuplicated, append, as.data.frame, basename, cbind, colnames,
    dirname, do.call, duplicated, eval, evalq, Filter, Find, get, grep,
    grepl, intersect, is.unsorted, lapply, Map, mapply, match, mget,
    order, paste, pmax, pmax.int, pmin, pmin.int, Position, rank,
    rbind, Reduce, rownames, sapply, setdiff, sort, table, tapply,
    union, unique, unsplit, which.max, which.min

Welcome to Bioconductor

    Vignettes contain introductory material; view with
    'browseVignettes()'. To cite Bioconductor, see
    'citation("Biobase")', and for packages 'citation("pkgname")'.

Loading required package: SingleCellExperiment
Loading required package: SummarizedExperiment
Loading required package: MatrixGenerics
Loading required package: matrixStats

Attaching package: ‘matrixStats’

The following objects are masked from ‘package:Biobase’:

    anyMissing, rowMedians

The following object is masked from ‘package:dplyr’:

    count


Attaching package: ‘MatrixGenerics’

The following objects are masked from ‘package:matrixStats’:

    colAlls, colAnyNAs, colAnys, colAvgsPerRowSet, colCollapse,
    colCounts, colCummaxs, colCummins, colCumprods, colCumsums,
    colDiffs, colIQRDiffs, colIQRs, colLogSumExps, colMadDiffs,
    colMads, colMaxs, colMeans2, colMedians, colMins, colOrderStats,
    colProds, colQuantiles, colRanges, colRanks, colSdDiffs, colSds,
    colSums2, colTabulates, colVarDiffs, colVars, colWeightedMads,
    colWeightedMeans, colWeightedMedians, colWeightedSds,
    colWeightedVars, rowAlls, rowAnyNAs, rowAnys, rowAvgsPerColSet,
    rowCollapse, rowCounts, rowCummaxs, rowCummins, rowCumprods,
    rowCumsums, rowDiffs, rowIQRDiffs, rowIQRs, rowLogSumExps,
    rowMadDiffs, rowMads, rowMaxs, rowMeans2, rowMedians, rowMins,
    rowOrderStats, rowProds, rowQuantiles, rowRanges, rowRanks,
    rowSdDiffs, rowSds, rowSums2, rowTabulates, rowVarDiffs, rowVars,
    rowWeightedMads, rowWeightedMeans, rowWeightedMedians,
    rowWeightedSds, rowWeightedVars

The following object is masked from ‘package:Biobase’:

    rowMedians

Loading required package: GenomicRanges
Loading required package: stats4
Loading required package: S4Vectors

Attaching package: ‘S4Vectors’

The following object is masked from ‘package:tidyr’:

    expand

The following objects are masked from ‘package:dplyr’:

    first, rename

The following object is masked from ‘package:hdf5r’:

    values

The following objects are masked from ‘package:data.table’:

    first, second

The following object is masked from ‘package:base’:

    expand.grid

Loading required package: IRanges

Attaching package: ‘IRanges’

The following objects are masked from ‘package:dplyr’:

    collapse, desc, slice

The following object is masked from ‘package:data.table’:

    shift

Loading required package: GenomeInfoDb

Attaching package: ‘SummarizedExperiment’

The following object is masked from ‘package:SeuratObject’:

    Assays

The following object is masked from ‘package:Seurat’:

    Assays


Attaching package: ‘monocle3’

The following objects are masked from ‘package:Biobase’:

    exprs, fData, fData<-, pData, pData<-

Loading required package: mixtools
mixtools package, version 1.2.0, Released 2020-02-05
This package is based upon work supported by the National Science Foundation under Grant No. SES-0518772.

[1] "Setting GFS within singularity to /media/AGFORTELNY"
Loading required package: Matrix

Attaching package: ‘Matrix’

The following object is masked from ‘package:S4Vectors’:

    expand

The following objects are masked from ‘package:tidyr’:

    expand, pack, unpack

Loading required package: rhdf5

Attaching package: ‘rhdf5’

The following object is masked from ‘package:hdf5r’:

    h5version

Loading required package: enrichR
-------------------> Project initiation completed
Warning messages:
1: package ‘hdf5r’ was built under R version 4.0.3 
2: package ‘mixtools’ was built under R version 4.0.3 
3: In library(package, lib.loc = lib.loc, character.only = TRUE, logical.return = TRUE,  :
  there is no package called ‘enrichR’
Loading required package: nebula
Setting output directory: /media/AGFORTELNY/PROJECTS/TfCf/Analysis//SCRNA_31_DE_Monocle//
[1] "in.vivo"
Setting output directory: /media/AGFORTELNY/PROJECTS/TfCf/Analysis//SCRNA_31_DE_Monocle/ex.vivo_myeloid/
`stat_bin()` using `bins = 30`. Pick better value with `binwidth`.
Setting output directory: /media/AGFORTELNY/PROJECTS/TfCf/Analysis//SCRNA_31_DE_Monocle/in.vivo_myeloid/
`stat_bin()` using `bins = 30`. Pick better value with `binwidth`.
Setting output directory: /media/AGFORTELNY/PROJECTS/TfCf/Analysis//SCRNA_31_DE_Monocle/leukemia_myeloid/
`stat_bin()` using `bins = 30`. Pick better value with `binwidth`.
Warning messages:
1: Removed 11 rows containing non-finite values (stat_binhex). 
2: Removed 1 rows containing non-finite values (stat_binhex). 
3: Removed 10 rows containing non-finite values (stat_binhex). 
